
=== Sat Nov 13 18:39:50 2021

Packages were changed.
Update Mode: mergeDefaultDependencies

The following packages were added:
  com.unity.collab-proxy@1.7.1
  com.unity.ide.visualstudio@2.0.11
  com.unity.modules.ai@1.0.0
  com.unity.modules.cloth@1.0.0
  com.unity.modules.director@1.0.0
  com.unity.modules.physics2d@1.0.0
  com.unity.modules.terrain@1.0.0
  com.unity.modules.terrainphysics@1.0.0
  com.unity.modules.tilemap@1.0.0
  com.unity.modules.vehicles@1.0.0
  com.unity.modules.vr@1.0.0
  com.unity.modules.wind@1.0.0
  com.unity.modules.xr@1.0.0
  com.unity.timeline@1.4.8
The following packages were updated:
  com.unity.ide.rider from version 1.1.4 to 2.0.7
  com.unity.mobile.android-logcat from version 1.2.0 to 1.2.3
  com.unity.mobile.notifications from version 1.0.3 to 1.4.1
  com.unity.test-framework from version 1.1.20 to 1.1.27
  com.unity.textmeshpro from version 2.1.3 to 3.0.6

=== Sat Nov 13 18:56:06 2021

Packages were changed.
Update Mode: mergeDefaultDependencies

The following packages were added:
  com.unity.ads@2.3.1
  com.unity.analytics@3.2.2
  com.unity.package-manager-ui@2.0.3
  com.unity.purchasing@2.0.3

=== Sat Nov 13 19:01:09 2021

Packages were changed.
Update Mode: resetToDefaultDependencies

The following packages were removed:
  com.unity.ads@2.3.1
  com.unity.analytics@3.2.2
  com.unity.mobile.android-logcat@1.2.3
  com.unity.mobile.notifications@1.4.1
  com.unity.package-manager-ui@2.0.3
  com.unity.purchasing@2.0.3

=== Sun Nov 21 19:29:27 2021

Packages were changed.
Update Mode: updateDependencies

The following packages were updated:
  com.unity.collab-proxy from version 1.7.1 to 1.13.5
  com.unity.ide.vscode from version 1.2.3 to 1.2.4
  com.unity.test-framework from version 1.1.27 to 1.1.29
